2021-12-15 01:22:21  ai切时间：5.222277402877808 秒  牌为: 8m
2021-12-15 01:22:37  ai切时间：8.255406379699707 秒  牌为: 8s
2021-12-15 05:34:47  ai切时间：6.429383277893066 秒  牌为: 5m
2021-12-15 05:35:09  ai切时间：5.0914466381073 秒  牌为: 9s
2021-12-15 05:43:21  ai切时间：7.107415437698364 秒  牌为: 4s
2021-12-15 05:43:51  ai切时间：5.783653497695923 秒  牌为: 1s
2021-12-15 05:48:09  ai切时间：5.592001438140869 秒  牌为: 4p
2021-12-15 05:55:56  ai切时间：6.940893888473511 秒  牌为: 7m
2021-12-15 06:58:42  ai吃碰杠胡时间：5.625866651535034 秒
2021-12-15 06:58:56  ai切时间：5.420442581176758 秒  牌为: 2p
2021-12-15 07:32:18  ai切时间：5.433738470077515 秒  牌为: 7s
2021-12-15 08:25:39  ai切时间：5.454041242599487 秒  牌为: 3p
2021-12-15 08:26:07  ai切时间：6.362051725387573 秒  牌为: 2s
2021-12-15 08:36:45  ai切时间：5.5804948806762695 秒  牌为: 8m
2021-12-15 08:37:05  ai切时间：5.93593168258667 秒  牌为: 6s
2021-12-15 08:49:04  ai切时间：5.475579023361206 秒  牌为: 5m
2021-12-15 10:11:36  ai切时间：6.840535640716553 秒  牌为: 4m
2021-12-15 11:07:27  ai切时间：5.274538040161133 秒  牌为: 6s
2021-12-15 15:14:25  ai切时间：9.566045045852661 秒  牌为: 5m
2021-12-15 15:15:01  ai切时间：15.572342872619629 秒  牌为: 2p
2021-12-15 16:10:31  ai切时间：5.820240497589111 秒  牌为: 4z
2021-12-15 17:14:05  ai切时间：5.214832782745361 秒  牌为: 9p
2021-12-15 20:07:58  ai切时间：5.003269910812378 秒  牌为: 1p
2021-12-15 20:08:15  ai切时间：5.355138063430786 秒  牌为: 7s
2021-12-15 20:17:38  ai切时间：6.085562467575073 秒  牌为: 2p
2021-12-15 20:21:27  ai切时间：6.124500036239624 秒  牌为: 2m
2021-12-16 01:55:28  ai切时间：6.533196210861206 秒  牌为: 8m
2021-12-16 01:56:06  ai切时间：6.0308496952056885 秒  牌为: 3p
2021-12-16 02:04:42  ai切时间：9.335024118423462 秒  牌为: 3p
2021-12-16 02:11:13  ai切时间：5.589608907699585 秒  牌为: 1z
2021-12-16 02:11:32  ai切时间：5.953776597976685 秒  牌为: 5s
2021-12-16 02:11:56  ai切时间：5.503095865249634 秒  牌为: 4z
2021-12-16 02:13:26  ai切时间：5.246980667114258 秒  牌为: 8p
2021-12-16 02:30:35  ai切时间：5.03881049156189 秒  牌为: 6z
2021-12-16 03:33:33  ai切时间：5.6113879680633545 秒  牌为: 5s
2021-12-16 05:06:01  ai切时间：6.855839252471924 秒  牌为: 2p
2021-12-16 05:42:45  ai切时间：15.116336584091187 秒  牌为: 6m
2021-12-16 05:45:13  ai切时间：5.0640552043914795 秒  牌为: 1m
2021-12-16 05:45:44  ai切时间：10.115024089813232 秒  牌为: 7z
2021-12-16 06:34:39  ai切时间：8.371746063232422 秒  牌为: 9m
2021-12-16 06:35:00  ai切时间：7.334590673446655 秒  牌为: 5z
2021-12-16 06:47:56  ai切时间：6.096263408660889 秒  牌为: 9p
2021-12-16 06:58:51  ai切时间：5.1980602741241455 秒  牌为: 7z
2021-12-16 06:59:10  ai切时间：11.98511791229248 秒  牌为: 7m
2021-12-16 07:54:39  ai切时间：20.147796154022217 秒  牌为: 9s
2021-12-16 10:28:48  ai切时间：7.929965019226074 秒  牌为: 2p
2021-12-16 11:42:49  ai切时间：8.491822242736816 秒  牌为: 1s
2021-12-16 12:02:44  ai切时间：5.049503564834595 秒  牌为: 2z
2021-12-16 12:13:55  ai切时间：5.8690526485443115 秒  牌为: 1z
2021-12-16 12:22:06  ai切时间：5.986666440963745 秒  牌为: 1p
2021-12-16 12:35:03  ai切时间：5.490978479385376 秒  牌为: 2s
2021-12-16 15:44:21  ai切时间：8.090092897415161 秒  牌为: 1p
2021-12-16 16:20:13  ai切时间：9.450726747512817 秒  牌为: 7s
2021-12-16 16:45:58  ai切时间：13.341593980789185 秒  牌为: 7s
2021-12-16 16:46:35  ai切时间：13.820969343185425 秒  牌为: 2s
2021-12-16 17:52:02  ai切时间：7.840766191482544 秒  牌为: 3m
2021-12-16 17:52:23  ai切时间：8.081717729568481 秒  牌为: 7p
2021-12-16 17:52:52  ai切时间：7.859792709350586 秒  牌为: 4m
2021-12-16 18:35:02  ai切时间：6.670612335205078 秒  牌为: 6z
2021-12-16 19:16:30  ai切时间：6.61698317527771 秒  牌为: 8s
2021-12-16 19:16:45  ai切时间：6.131592750549316 秒  牌为: 6z
2021-12-16 19:17:11  ai切时间：14.903456687927246 秒  牌为: 5p
2021-12-16 21:00:40  ai切时间：5.4597327709198 秒  牌为: 8s
2021-12-16 21:02:29  ai切时间：5.756085395812988 秒  牌为: 7z
2021-12-16 21:02:46  ai切时间：5.767412900924683 秒  牌为: 7z
2021-12-16 21:05:39  ai切时间：8.04344916343689 秒  牌为: 6p
2021-12-16 21:05:57  ai切时间：7.916916847229004 秒  牌为: 2p
2021-12-16 22:32:41  ai切时间：6.471513986587524 秒  牌为: 7z
2021-12-16 22:32:59  ai切时间：8.549856424331665 秒  牌为: 9m
2021-12-17 05:51:00  ai切时间：5.56404709815979 秒
2021-12-17 20:55:52  ai切时间：5.8020923137664795 秒
2021-12-18 03:41:56  ai切时间：9.54120421409607 秒
2021-12-18 04:16:12  ai切时间：5.322804689407349 秒
2021-12-18 04:27:06  ai切时间：5.860842704772949 秒
2021-12-18 04:58:46  ai切时间：5.035687685012817 秒
2021-12-18 05:00:17  ai切时间：8.08880877494812 秒
2021-12-18 05:00:40  ai切时间：6.06515908241272 秒
2021-12-18 05:00:59  ai切时间：7.433027744293213 秒
2021-12-18 05:03:09  ai决定不鸣牌：8.526612281799316 秒
2021-12-18 05:03:45  ai切时间：8.624339818954468 秒
2021-12-18 05:07:16  ai切时间：5.0422704219818115 秒
2021-12-18 05:12:58  ai切时间：13.09037470817566 秒
2021-12-18 05:13:30  ai决定不鸣牌：7.50959587097168 秒
2021-12-18 05:16:13  ai切时间：5.507373332977295 秒
2021-12-18 05:17:14  ai决定不鸣牌：5.629029750823975 秒
2021-12-18 05:20:15  ai思考碰：6.079545021057129 秒
2021-12-18 05:21:12  ai切时间：8.22863221168518 秒
2021-12-18 05:39:14  ai切时间：13.672459363937378 秒
2021-12-18 22:39:36  ai切时间：5.352811098098755 秒
